make.exe all --print-data-base --no-builtin-variables --no-builtin-rules --question
# GNU Make 4.3
# Built for x86_64-pc-cygwin
# Copyright (C) 1988-2020 Free Software Foundation, Inc.
# License GPLv3+: GNU GPL version 3 or later <http://gnu.org/licenses/gpl.html>
 
# This is free software: you are free to change and redistribute it.
# There is NO WARRANTY, to the extent permitted by law.
 

# Make data base, printed on Sat Sep  3 10:44:49 2022

 
# Variables

# environment
FPS_BROWSER_APP_PROFILE_STRING = Internet Explorer
# environment
SYSTEMDRIVE = C:
# makefile (from 'Makefile', line 88)
AS = $(PREFIX)gcc -x assembler-with-cpp
# makefile (from 'Makefile', line 155)
LIBDIR = 
# environment
LC_ALL = C
# environment
USERPROFILE = C:\Users\HaoNan
# environment
VBOX_MSI_INSTALL_PATH = G:\VIRTUAL\
# environment
LOCALAPPDATA = C:\Users\HaoNan\AppData\Local
# environment
VSCODE_CWD = F:\Git\PRJ\stm32h7-bootloader-application\make_bootloader
# environment
SYSTEMROOT = C:\WINDOWS
# makefile (from 'Makefile', line 154)
LIBS = -lc -lm -lnosys 
# makefile (from 'Makefile', line 123)
C_INCLUDES = -ICore/Inc -IDrivers/STM32H7xx_HAL_Driver/Inc -IDrivers/STM32H7xx_HAL_Driver/Inc/Legacy -IDrivers/CMSIS/Device/ST/STM32H7xx/Include -IDrivers/CMSIS/Include -IUser/Inc
# environment
PROCESSOR_LEVEL = 23
# makefile (from 'Makefile', line 90)
SZ = $(PREFIX)size
# environment
PSMODULEPATH = C:\Program Files\WindowsPowerShell\Modules;C:\WINDOWS\system32\WindowsPowerShell\v1.0\Modules;C:\Program Files (x86)\Microsoft SQL Server\120\Tools\PowerShell\Modules\
# default
MAKE_COMMAND := make
# environment
CUDA_PATH_V10_0 = F:\Deep_learn\CUDA\NVIDIA GPU Computing Toolkit\CUDA\v10.0
# makefile (from 'Makefile', line 67)
CPP_SOURCES = User/Src/w25q64.cpp Core/Src/main.cpp 
# automatic
@D = $(patsubst %/,%,$(dir $@))
# makefile (from 'Makefile', line 115)
C_DEFS = -DUSE_HAL_DRIVER -DSTM32H750xx
# environment
CHROME_CRASHPAD_PIPE_NAME = \\.\pipe\crashpad_15008_ZRYMIASFSQJLNYOE
# environment
FPS_BROWSER_USER_PROFILE_STRING = Default
 
# environment
VSCODE_HANDLES_UNCAUGHT_ERRORS = true
# default
.VARIABLES := 
 
# automatic
%D = $(patsubst %/,%,$(dir $%))
# environment
SW_SIM_HYDRA = C:\Program Files\Common Files\SolidWorks Shared\Simulation Worker Agent\
# automatic
^D = $(patsubst %/,%,$(dir $^))
# automatic
%F = $(notdir $%)
# environment
VSCODE_CODE_CACHE_PATH = C:\Users\HaoNan\AppData\Roaming\Code\CachedData\e4503b30fc78200f846c62cf8091b76ff5547662
# makefile (from 'Makefile', line 112)
AS_DEFS = 
# environment
LANG = C
# environment
GCC_BASE = I:\MCU\arm_tool_chain
# default
.LOADED := 
# environment
TMP = /cygdrive/c/Users/HaoNan/AppData/Local/Temp
# default
.INCLUDE_DIRS = /usr/include /usr/include
# makefile
MAKEFLAGS = pqrR
# environment
ONEDRIVE = C:\Users\HaoNan\OneDrive
# makefile
CURDIR := /cygdrive/f/Git/PRJ/stm32h7-bootloader-application/make_bootloader
# makefile (from 'Makefile', line 92)
HEX = $(CP) -O ihex
# environment
APPLICATION_INSIGHTS_NO_DIAGNOSTIC_CHANNEL = 1
# makefile (from 'Makefile', line 151)
LDSCRIPT = STM32H750VBTx_FLASH.ld
# automatic
*D = $(patsubst %/,%,$(dir $*))
# environment
PROGRAMFILES = C:\Program Files
# environment
MFLAGS = -pqrR
# default
.SHELLFLAGS := -c
# environment
COMMONPROGRAMW6432 = C:\Program Files\Common Files
# automatic
+D = $(patsubst %/,%,$(dir $+))
# makefile (from 'Makefile', line 1)
MAKEFILE_LIST := Makefile
# makefile (from 'Makefile', line 133)
ASFLAGS = $(MCU) $(AS_DEFS) $(AS_INCLUDES) $(OPT) -Wall -fdata-sections -ffunction-sections
# automatic
@F = $(notdir $@)
# environment
VSCODE_PID = 15008
 
# environment
CUDA_PATH = F:\Deep_learn\CUDA\NVIDIA GPU Computing Toolkit\CUDA\v11.1
# automatic
?D = $(patsubst %/,%,$(dir $?))
# makefile (from 'Makefile', line 120)
AS_INCLUDES = 
# makefile (from 'Makefile', line 89)
CP = $(PREFIX)objcopy
# automatic
*F = $(notdir $*)
# environment
SW_SIM_TEMP = C:\ProgramData\SOLIDWORKS\SW_net_sim_temp\
# automatic
<D = $(patsubst %/,%,$(dir $<))
# environment
VSCODE_NLS_CONFIG = {"locale":"zh-cn","availableLanguages":{"*":"zh-cn"},"_languagePackId":"cc0490d1397af23dc5bf44a96fe15dbb.zh-cn","_translationsConfigFile":"C:\\Users\\HaoNan\\AppData\\Roaming\\Code\\clp\\cc0490d1397af23dc5bf44a96fe15dbb.zh-cn\\tcf.json","_cacheRoot":"C:\\Users\\HaoNan\\AppData\\Roaming\\Code\\clp\\cc0490d1397af23dc5bf44a96fe15dbb.zh-cn","_resolvedLanguagePackCoreLocation":"C:\\Users\\HaoNan\\AppData\\Roaming\\Code\\clp\\cc0490d1397af23dc5bf44a96fe15dbb.zh-cn\\e4503b30fc78200f846c62cf8091b76ff5547662","_corruptedFile":"C:\\Users\\HaoNan\\AppData\\Roaming\\Code\\clp\\cc0490d1397af23dc5bf44a96fe15dbb.zh-cn\\corrupted.info","_languagePackSupport":true}
# default
MAKE_HOST := x86_64-pc-cygwin
# environment
PROGRAMDATA = C:\ProgramData
# default
SHELL := /bin/sh
# environment
HOMEPATH = \Users\HaoNan
# default
MAKECMDGOALS := all
# environment
DRIVERDATA = C:\Windows\System32\Drivers\DriverData
# environment
COMSPEC = C:\WINDOWS\system32\cmd.exe
# environment
WINDIR = C:\WINDOWS
# environment
MAKELEVEL := 0
# default
MAKE = $(MAKE_COMMAND)
# environment
PATH = /cygdrive/c/Program Files/Common Files/Oracle/Java/javapath:/cygdrive/f/Deep_learn/CUDA/NVIDIA GPU Computing Toolkit/CUDA/v11.1/bin:/cygdrive/f/Deep_learn/CUDA/NVIDIA GPU Computing Toolkit/CUDA/v11.1/libnvvp:/cygdrive/f/Deep_learn/CUDA/NVIDIA GPU Computing Toolkit/CUDA/v10.0/bin:/cygdrive/f/Deep_learn/CUDA/NVIDIA GPU Computing Toolkit/CUDA/v10.0/libnvvp:/cygdrive/c/Program Files (x86)/Common Files/Oracle/Java/javapath:/cygdrive/c/WINDOWS/system32:/cygdrive/c/WINDOWS:/cygdrive/c/WINDOWS/System32/Wbem:/cygdrive/c/WINDOWS/System32/WindowsPowerShell/v1.0:/cygdrive/c/WINDOWS/System32/OpenSSH:/cygdrive/c/Program Files (x86)/NVIDIA Corporation/PhysX/Common:/cygdrive/c/Program Files/NVIDIA Corporation/NVIDIA NvDLISR:/cygdrive/c/WINDOWS/system32:/cygdrive/c/WINDOWS:/cygdrive/c/WINDOWS/System32/Wbem:/cygdrive/c/WINDOWS/System32/WindowsPowerShell/v1.0:/cygdrive/c/WINDOWS/System32/OpenSSH:/cygdrive/f/Matlab1/bin:/cygdrive/c/Program Files (x86)/STMicroelectronics/STM32 ST-LINK Utility/ST-LINK Utility:/cygdrive/f/Xshell:/cygdrive/c/Users/HaoNan/AppData/Local/Programs/Python/Python310/Scripts:/cygdrive/c/Users/HaoNan/AppData/Local/Programs/Python/Python310:/cygdrive/f/Deep_learn/Anaconda/Scripts:/cygdrive/f/Deep_learn/Anaconda:/cygdrive/f/Deep_learn/Anaconda/Library/bin:/cygdrive/c/Program Files/NVIDIA Corporation/Nsight Compute 2020.2.1:/cygdrive/f/Deep_learn/CUDA/NVIDIA GPU Computing Toolkit/CUDA/v11.1/extras/CUPTI/lib64:/cygdrive/f/Deep_learn/CUDA/NVIDIA GPU Computing Toolkit/CUDA/v11.1/cudnn/bin:/cygdrive/f/RT-Thread_QEMU/env/tools/qemu/qemu32:/cygdrive/f/Git/Git/cmd:/cygdrive/c/Program Files/Microsoft SQL Server/Client SDK/ODBC/110/Tools/Binn:/cygdrive/c/Program Files (x86)/Microsoft SQL Server/120/Tools/Binn:/cygdrive/c/Program Files/Microsoft SQL Server/120/Tools/Binn:/cygdrive/c/Program Files/Microsoft SQL Server/120/DTS/Binn:/cygdrive/c/Program Files (x86)/Windows Kits/8.1/Windows Performance Toolkit:/cygdrive/c/Program Files/dotnet:/cygdrive/i/MCU/GNU_tools_ARM/bin:/cygdrive/f/Deep_learn/Anaconda:/cygdrive/f/Deep_learn/Anaconda/Library/mingw-w64/bin:/cygdrive/f/Deep_learn/Anaconda/Library/usr/bin:/cygdrive/f/Deep_learn/Anaconda/Library/bin:/cygdrive/f/Deep_learn/Anaconda/Scripts:/cygdrive/c/Users/HaoNan/AppData/Local/Microsoft/WindowsApps:/cygdrive/c/Program Files/Bandizip:/cygdrive/f/Deep_learn/pycharm/PyCharm Community Edition 2021.3.3/bin:/cygdrive/f/Deep_learn/pycharm/PyCharm 2021.3.3/bin:/cygdrive/c/Users/HaoNan/AppData/Local/GitHubDesktop/bin:/cygdrive/i/MCU/Openocd/INSTALL/bin:/usr/bin:/cygdrive/f/vs code/Microsoft VS Code/Microsoft VS Code/bin
# environment
COMPUTERNAME = DESKTOP-MMIO2D6
# default
MAKEFILES := 
# automatic
^F = $(notdir $^)
# environment
SW_SIM_MPIT = INTELMPI
# makefile (from 'Makefile', line 102)
FPU = -mfpu=fpv5-d16
# environment
PYCHARM = F:\Deep_learn\pycharm\PyCharm 2021.3.3\bin;
# makefile (from 'Makefile', line 105)
FLOAT-ABI = -mfloat-abi=hard
# environment
PROMPT = $P$G
# environment
NVTOOLSEXT_PATH = C:\Program Files\NVIDIA Corporation\NvToolsExt\
# makefile (from 'Makefile', line 76)
 
PREFIX = arm-none-eabi-
# makefile (from 'Makefile', line 87)
CPP = $(PREFIX)g++
# environment
LOGONSERVER = \\DESKTOP-MMIO2D6
# environment
USERNAME = 17yearoldHaoNan
# makefile (from 'Makefile', line 99)
CPU = -mcpu=cortex-m7
# environment
COMMONPROGRAMFILES = C:\Program Files\Common Files
# automatic
?F = $(notdir $?)
# environment
PROGRAMW6432 = C:\Program Files
# environment
PATHEXT = .COM;.EXE;.BAT;.CMD;.VBS;.VBE;.JS;.JSE;.WSF;.WSH;.MSC
# automatic
+F = $(notdir $+)
# environment
ORIGINAL_XDG_CURRENT_DESKTOP = undefined
# makefile (from 'Makefile', line 172)
OBJECTS = $(addprefix $(BUILD_DIR)/,$(notdir $(C_SOURCES:.c=.o))) $(addprefix $(BUILD_DIR)/,$(notdir $(ASM_SOURCES:.s=.o))) $(addprefix $(BUILD_DIR)/,$(notdir $(CPP_SOURCES:.cpp=.o)))
# environment
USERDOMAIN = DESKTOP-MMIO2D6
# 'override' directive
GNUMAKEFLAGS := 
# environment
OS = Windows_NT
# environment
GCC_VERSION = 11.2
# makefile (from 'Makefile', line 25)
OPT = -O0
# makefile
.DEFAULT_GOAL := all
# default
MAKE_VERSION := 4.3
# environment
PROGRAMFILES(X86) = C:\Program Files (x86)
# makefile (from 'Makefile', line 156)
LDFLAGS = $(MCU) -specs=nosys.specs -T$(LDSCRIPT) $(LIBDIR) $(LIBS) -Wl,-Map=$(BUILD_DIR)/$(TARGET).map,--cref -Wl,--gc-sections
# environment
NVCUDASAMPLES_ROOT = F:\Deep_learn\CUDA\NVIDIA Corporation\CUDA\v11.1
# environment
USERDOMAIN_ROAMINGPROFILE = DESKTOP-MMIO2D6
# makefile (from 'Makefile', line 108)
MCU = $(CPU) -mthumb $(FPU) $(FLOAT-ABI)
# environment
NUMBER_OF_PROCESSORS = 6
# environment
PUBLIC = C:\Users\Public
# environment
!F: = f:\Git\PRJ\stm32h7-bootloader-application\make_bootloader
# environment
NVCUDASAMPLES10_0_ROOT = F:\Deep_learn\CUDA\NVIDIA Corporation\CUDA Samples\v10.0
# makefile (from 'Makefile', line 93)
BIN = $(CP) -O binary -S
# environment
APPDATA = C:\Users\HaoNan\AppData\Roaming
# environment
CUDA_PATH_V11_1 = F:\Deep_learn\CUDA\NVIDIA GPU Computing Toolkit\CUDA\v11.1
# makefile (from 'Makefile', line 139)
 
CFLAGS = $(MCU) $(C_DEFS) $(C_INCLUDES) $(OPT) -Wall -fdata-sections -ffunction-sections -g -gdwarf-2
# environment
HOMEDRIVE = C:
# environment
PROCESSOR_ARCHITECTURE = AMD64
# environment
PYCHARM COMMUNITY EDITION = F:\Deep_learn\pycharm\PyCharm Community Edition 2021.3.3\bin;
# environment
VSCODE_AMD_ENTRYPOINT = vs/workbench/api/node/extensionHostProcess
# makefile (from 'Makefile', line 32)
BUILD_DIR = build
# environment
HOME = /home/17yearoldHaoNan
# environment
COMMONPROGRAMFILES(X86) = C:\Program Files (x86)\Common Files
# environment
ELECTRON_RUN_AS_NODE = 1
# environment
TEMP = /cygdrive/c/Users/HaoNan/AppData/Local/Temp
# environment
VSCODE_IPC_HOOK = \\.\pipe\67c9db44112d2439cff4ff0999cb0352-1.70.2-main-sock
# environment
TERM = xterm-256color
# default
.RECIPEPREFIX := 
# automatic
<F = $(notdir $<)
# makefile (from 'Makefile', line 38)
C_SOURCES = Core/Src/stm32h7xx_it.c Core/Src/stm32h7xx_hal_msp.c Drivers/STM32H7xx_HAL_Driver/Src/stm32h7xx_hal_cortex.c Drivers/STM32H7xx_HAL_Driver/Src/stm32h7xx_hal_qspi.c Drivers/STM32H7xx_HAL_Driver/Src/stm32h7xx_hal_rcc.c Drivers/STM32H7xx_HAL_Driver/Src/stm32h7xx_hal_rcc_ex.c Drivers/STM32H7xx_HAL_Driver/Src/stm32h7xx_hal_flash.c Drivers/STM32H7xx_HAL_Driver/Src/stm32h7xx_hal_flash_ex.c Drivers/STM32H7xx_HAL_Driver/Src/stm32h7xx_hal_gpio.c Drivers/STM32H7xx_HAL_Driver/Src/stm32h7xx_hal_hsem.c Drivers/STM32H7xx_HAL_Driver/Src/stm32h7xx_hal_dma.c Drivers/STM32H7xx_HAL_Driver/Src/stm32h7xx_hal_dma_ex.c Drivers/STM32H7xx_HAL_Driver/Src/stm32h7xx_hal_mdma.c Drivers/STM32H7xx_HAL_Driver/Src/stm32h7xx_hal_pwr.c Drivers/STM32H7xx_HAL_Driver/Src/stm32h7xx_hal_pwr_ex.c Drivers/STM32H7xx_HAL_Driver/Src/stm32h7xx_hal.c Drivers/STM32H7xx_HAL_Driver/Src/stm32h7xx_hal_exti.c Drivers/STM32H7xx_HAL_Driver/Src/stm32h7xx_hal_tim.c Drivers/STM32H7xx_HAL_Driver/Src/stm32h7xx_hal_tim_ex.c Core/Src/system_stm32h7xx.c Drivers/STM32H7xx_HAL_Driver/Src/stm32h7xx_hal_i2c.c Drivers/STM32H7xx_HAL_Driver/Src/stm32h7xx_hal_i2c_ex.c 
# default
SUFFIXES := 
# environment
ALLUSERSPROFILE = C:\ProgramData
# makefile (from 'Makefile', line 16)
TARGET = make_bootloader
# environment
SESSIONNAME = Console
# makefile (from 'Makefile', line 64)
ASM_SOURCES = startup_stm32h750xx.s
# makefile (from 'Makefile', line 137)
DEBUG = 1
# default
.FEATURES := target-specific order-only second-expansion else-if shortest-stem undefine oneshell nocomment grouped-target extra-prereqs archives jobserver output-sync check-symlink guile load
# environment
PROCESSOR_REVISION = 7100
# makefile (from 'Makefile', line 86)
CC = $(PREFIX)gcc
# environment
NVCUDASAMPLES11_1_ROOT = F:\Deep_learn\CUDA\NVIDIA Corporation\CUDA\v11.1
# environment
PROCESSOR_IDENTIFIER = AMD64 Family 23 Model 113 Stepping 0, AuthenticAMD
# variable set hash-table stats:
# Load=136/1024=13%, Rehash=0, Collisions=27/218=12%

# Pattern-specific Variable Values

# No pattern-specific variable values.

# Directories

# User/Src (device 1919717404, inode 844424930231259): 3 files, no impossibilities.
# build (device 1919717404, inode 844424930229970): 31 files, no impossibilities.
# . (device 1919717404, inode 844424930229958): 13 files, no impossibilities.
# Drivers/STM32H7xx_HAL_Driver/Src (device 1919717404, inode 844424930231236): 21 files, no impossibilities.
# Core/Src (device 1919717404, inode 844424930230005): 6 files, no impossibilities.

# 74 files, no impossibilities in 5 directories.

# Implicit Rules

build/%.o: %.c | build
#  recipe to execute (from 'Makefile', line 176):
	$(CC) -c $(CFLAGS)  $< -o $@

build/%.o: %.cpp | build
#  recipe to execute (from 'Makefile', line 179):
	$(CPP) -c $(CFLAGS)  $< -o $@

build/%.o: %.s | build
#  recipe to execute (from 'Makefile', line 182):
	$(AS) -c $(CFLAGS) $< -o $@

build/%.hex: build/%.elf | build
#  recipe to execute (from 'Makefile', line 189):
 
	$(HEX) $< $@
	$(SZ) $@
	

build/%.bin: build/%.elf | build
#  recipe to execute (from 'Makefile', line 193):
	$(BIN) $< $@	
	

# 5 implicit rules, 0 (0.0%) terminal.
# Files

build/stm32h7xx_hal_tim_ex.o: Drivers/STM32H7xx_HAL_Driver/Src/stm32h7xx_hal_tim_ex.c | build
#  Implicit rule search has been done.
#  Implicit/static pattern stem: 'stm32h7xx_hal_tim_ex'
#  Last modified 2022-08-18 21:19:24.9209929
#  File has been updated.
#  Successfully updated.
#  recipe to execute (from 'Makefile', line 176):
	$(CC) -c $(CFLAGS)  $< -o $@

build/stm32h7xx_hal_flash_ex.o: Drivers/STM32H7xx_HAL_Driver/Src/stm32h7xx_hal_flash_ex.c | build
#  Implicit rule search has been done.
#  Implicit/static pattern stem: 'stm32h7xx_hal_flash_ex'
#  Last modified 2022-08-18 21:19:22.6391524
#  File has been updated.
#  Successfully updated.
#  recipe to execute (from 'Makefile', line 176):
	$(CC) -c $(CFLAGS)  $< -o $@

# Not a target:
Drivers/STM32H7xx_HAL_Driver/Src/stm32h7xx_hal_flash.c:
#  Implicit rule search has been done.
#  Last modified 2022-04-23 17:50:58.209678
#  File has been updated.
#  Successfully updated.

# Not a target:
build/make_bootloader.bin:
#  Implicit rule search has not been done.
#  Modification time never checked.
#  File has not been updated.

build/stm32h7xx_hal_exti.o: Drivers/STM32H7xx_HAL_Driver/Src/stm32h7xx_hal_exti.c | build
#  Implicit rule search has been done.
#  Implicit/static pattern stem: 'stm32h7xx_hal_exti'
#  Last modified 2022-08-18 21:19:24.5926537
#  File has been updated.
#  Successfully updated.
#  recipe to execute (from 'Makefile', line 176):
	$(CC) -c $(CFLAGS)  $< -o $@

# Not a target:
Drivers/STM32H7xx_HAL_Driver/Src/stm32h7xx_hal.c:
#  Implicit rule search has been done.
#  Last modified 2022-04-23 17:50:58.1911859
#  File has been updated.
#  Successfully updated.

build/stm32h7xx_hal.o: Drivers/STM32H7xx_HAL_Driver/Src/stm32h7xx_hal.c | build
#  Implicit rule search has been done.
#  Implicit/static pattern stem: 'stm32h7xx_hal'
#  Last modified 2022-08-18 21:19:24.372604
#  File has been updated.
#  Successfully updated.
#  recipe to execute (from 'Makefile', line 176):
	$(CC) -c $(CFLAGS)  $< -o $@

build/stm32h7xx_hal_dma.o: Drivers/STM32H7xx_HAL_Driver/Src/stm32h7xx_hal_dma.c | build
#  Implicit rule search has been done.
#  Implicit/static pattern stem: 'stm32h7xx_hal_dma'
#  Last modified 2022-08-18 21:19:23.2933753
#  File has been updated.
#  Successfully updated.
#  recipe to execute (from 'Makefile', line 176):
 
	$(CC) -c $(CFLAGS)  $< -o $@

# Not a target:
User/Src/w25q64.cpp:
#  Implicit rule search has been done.
#  Last modified 2022-08-19 17:17:59.6055156
#  File has been updated.
#  Successfully updated.

# Not a target:
Drivers/STM32H7xx_HAL_Driver/Src/stm32h7xx_hal_dma_ex.c:
#  Implicit rule search has been done.
#  Last modified 2022-04-23 17:50:58.2046764
#  File has been updated.
#  Successfully updated.

build/stm32h7xx_hal_rcc_ex.o: Drivers/STM32H7xx_HAL_Driver/Src/stm32h7xx_hal_rcc_ex.c | build
#  Implicit rule search has been done.
#  Implicit/static pattern stem: 'stm32h7xx_hal_rcc_ex'
#  Last modified 2022-08-18 21:19:22.1549039
#  File has been updated.
#  Successfully updated.
#  recipe to execute (from 'Makefile', line 176):
	$(CC) -c $(CFLAGS)  $< -o $@

# Not a target:
Makefile:
#  Implicit rule search has been done.
#  Last modified 2022-08-18 20:32:36.3661328
#  File has been updated.
#  Successfully updated.

build/stm32h7xx_hal_i2c_ex.o: Drivers/STM32H7xx_HAL_Driver/Src/stm32h7xx_hal_i2c_ex.c | build
#  Implicit rule search has been done.
#  Implicit/static pattern stem: 'stm32h7xx_hal_i2c_ex'
#  Last modified 2022-08-18 21:19:25.6567748
#  File has been updated.
#  Successfully updated.
#  recipe to execute (from 'Makefile', line 176):
	$(CC) -c $(CFLAGS)  $< -o $@

download:
#  Implicit rule search has not been done.
#  Modification time never checked.
#  File has not been updated.
#  recipe to execute (from 'Makefile', line 210):
	openocd \
	-f I:/MCU/Openocd/INSTALL/scripts/interface/cmsis-dap.cfg \
	-f I:/MCU/Openocd/INSTALL/scripts/target/stm32h7x.cfg \
	-c init \
	-c halt \
	-c "flash write_image erase $(BUILD_DIR)/$(TARGET).hex" \
	-c reset \
	-c shutdown 

# Not a target:
Drivers/STM32H7xx_HAL_Driver/Src/stm32h7xx_hal_qspi.c:
#  Implicit rule search has been done.
#  Last modified 2022-04-23 17:50:58.2454083
#  File has been updated.
#  Successfully updated.

build/stm32h7xx_it.o: Core/Src/stm32h7xx_it.c | build
#  Implicit rule search has been done.
#  Implicit/static pattern stem: 'stm32h7xx_it'
#  Last modified 2022-08-18 21:19:20.8783662
#  File has been updated.
#  Successfully updated.
 
#  recipe to execute (from 'Makefile', line 176):
	$(CC) -c $(CFLAGS)  $< -o $@

clean:
#  Implicit rule search has not been done.
#  Modification time never checked.
#  File has not been updated.
#  recipe to execute (from 'Makefile', line 202):
	-rm -fR $(BUILD_DIR)

build/stm32h7xx_hal_rcc.o: Drivers/STM32H7xx_HAL_Driver/Src/stm32h7xx_hal_rcc.c | build
#  Implicit rule search has been done.
#  Implicit/static pattern stem: 'stm32h7xx_hal_rcc'
#  Last modified 2022-08-18 21:19:21.7864652
#  File has been updated.
#  Successfully updated.
#  recipe to execute (from 'Makefile', line 176):
	$(CC) -c $(CFLAGS)  $< -o $@

# Not a target:
Drivers/STM32H7xx_HAL_Driver/Src/stm32h7xx_hal_pwr.c:
#  Implicit rule search has been done.
#  Last modified 2022-04-23 17:50:58.2434073
#  File has been updated.
#  Successfully updated.

# Not a target:
Drivers/STM32H7xx_HAL_Driver/Src/stm32h7xx_hal_dma.c:
#  Implicit rule search has been done.
#  Last modified 2022-04-23 17:50:58.2026759
#  File has been updated.
#  Successfully updated.

build/stm32h7xx_hal_qspi.o: Drivers/STM32H7xx_HAL_Driver/Src/stm32h7xx_hal_qspi.c | build
#  Implicit rule search has been done.
#  Implicit/static pattern stem: 'stm32h7xx_hal_qspi'
#  Last modified 2022-08-18 21:19:21.5644154
#  File has been updated.
#  Successfully updated.
#  recipe to execute (from 'Makefile', line 176):
	$(CC) -c $(CFLAGS)  $< -o $@

# Not a target:
Drivers/STM32H7xx_HAL_Driver/Src/stm32h7xx_hal_rcc_ex.c:
#  Implicit rule search has been done.
#  Last modified 2022-04-23 17:50:58.2474085
#  File has been updated.
#  Successfully updated.

# Not a target:
Core/Src/system_stm32h7xx.c:
#  Implicit rule search has been done.
#  Last modified 2022-04-23 17:50:53.5223211
#  File has been updated.
#  Successfully updated.

build/stm32h7xx_hal_msp.o: Core/Src/stm32h7xx_hal_msp.c | build
#  Implicit rule search has been done.
#  Implicit/static pattern stem: 'stm32h7xx_hal_msp'
#  Last modified 2022-08-18 21:19:21.0464037
#  File has been updated.
#  Successfully updated.
#  recipe to execute (from 'Makefile', line 176):
	$(CC) -c $(CFLAGS)  $< -o $@

# Not a target:
Drivers/STM32H7xx_HAL_Driver/Src/stm32h7xx_hal_hsem.c:
#  Implicit rule search has been done.
#  Last modified 2022-04-23 17:50:58.2241916
#  File has been updated.
#  Successfully updated.
 

# Not a target:
Drivers/STM32H7xx_HAL_Driver/Src/stm32h7xx_hal_flash_ex.c:
 
#  Implicit rule search has been done.
#  Last modified 2022-04-23 17:50:58.2106777
#  File has been updated.
#  Successfully updated.

# Not a target:
.DEFAULT:
#  Implicit rule search has not been done.
#  Modification time never checked.
#  File has not been updated.

extern:
#  Implicit rule search has not been done.
#  Modification time never checked.
#  File has not been updated.
#  recipe to execute (from 'Makefile', line 207):
	openocd -f I:/MCU/Openocd/INSTALL/scripts/interface/cmsis-dap.cfg -f I:/MCU/Openocd/INSTALL/scripts/target/stm32h7x_extern.cfg
	
 

# Not a target:
Drivers/STM32H7xx_HAL_Driver/Src/stm32h7xx_hal_tim.c:
#  Implicit rule search has been done.
#  Last modified 2022-04-23 17:50:58.2640788
#  File has been updated.
#  Successfully updated.

# Not a target:
Drivers/STM32H7xx_HAL_Driver/Src/stm32h7xx_hal_rcc.c:
#  Implicit rule search has been done.
#  Last modified 2022-04-23 17:50:58.2464085
#  File has been updated.
#  Successfully updated.

all: build/make_bootloader.elf build/make_bootloader.hex build/make_bootloader.bin
#  Command line target.
#  Implicit rule search has been done.
#  File does not exist.
#  File has been updated.
#  Needs to be updated (-q is set).
# variable set hash-table stats:
# Load=0/32=0%, Rehash=0, Collisions=0/13=0%

build/stm32h7xx_hal_cortex.o: Drivers/STM32H7xx_HAL_Driver/Src/stm32h7xx_hal_cortex.c | build
#  Implicit rule search has been done.
#  Implicit/static pattern stem: 'stm32h7xx_hal_cortex'
#  Last modified 2022-08-18 21:19:21.2423431
#  File has been updated.
#  Successfully updated.
#  recipe to execute (from 'Makefile', line 176):
	$(CC) -c $(CFLAGS)  $< -o $@

build/stm32h7xx_hal_hsem.o: Drivers/STM32H7xx_HAL_Driver/Src/stm32h7xx_hal_hsem.c | build
#  Implicit rule search has been done.
#  Implicit/static pattern stem: 'stm32h7xx_hal_hsem'
#  Last modified 2022-08-18 21:19:23.0043103
#  File has been updated.
#  Successfully updated.
#  recipe to execute (from 'Makefile', line 176):
	$(CC) -c $(CFLAGS)  $< -o $@

build:
#  Implicit rule search has not been done.
#  Last modified 2022-08-19 17:30:05.4274167
 
#  File has been updated.
#  Successfully updated.
#  recipe to execute (from 'Makefile', line 196):
	mkdir $@		

# Not a target:
Core/Src/stm32h7xx_it.c:
#  Implicit rule search has been done.
#  Last modified 2022-08-16 15:52:23.71
#  File has been updated.
#  Successfully updated.

# Not a target:
Drivers/STM32H7xx_HAL_Driver/Src/stm32h7xx_hal_exti.c:
#  Implicit rule search has been done.
#  Last modified 2022-04-23 17:50:58.2076774
#  File has been updated.
#  Successfully updated.

build/stm32h7xx_hal_dma_ex.o: Drivers/STM32H7xx_HAL_Driver/Src/stm32h7xx_hal_dma_ex.c | build
#  Implicit rule search has been done.
#  Implicit/static pattern stem: 'stm32h7xx_hal_dma_ex'
#  Last modified 2022-08-18 21:19:23.4993148
#  File has been updated.
#  Successfully updated.
#  recipe to execute (from 'Makefile', line 176):
	$(CC) -c $(CFLAGS)  $< -o $@

# Not a target:
Drivers/STM32H7xx_HAL_Driver/Src/stm32h7xx_hal_pwr_ex.c:
#  Implicit rule search has been done.
#  Last modified 2022-04-23 17:50:58.2444084
#  File has been updated.
 
#  Successfully updated.

connect:
#  Implicit rule search has not been done.
#  Modification time never checked.
#  File has not been updated.
#  recipe to execute (from 'Makefile', line 205):
	openocd -f I:/MCU/Openocd/INSTALL/scripts/interface/cmsis-dap.cfg -f I:/MCU/Openocd/INSTALL/scripts/target/stm32h7x.cfg

build/stm32h7xx_hal_mdma.o: Drivers/STM32H7xx_HAL_Driver/Src/stm32h7xx_hal_mdma.c | build
#  Implicit rule search has been done.
#  Implicit/static pattern stem: 'stm32h7xx_hal_mdma'
#  Last modified 2022-08-18 21:19:23.7663755
#  File has been updated.
#  Successfully updated.
#  recipe to execute (from 'Makefile', line 176):
	$(CC) -c $(CFLAGS)  $< -o $@

build/stm32h7xx_hal_gpio.o: Drivers/STM32H7xx_HAL_Driver/Src/stm32h7xx_hal_gpio.c | build
#  Implicit rule search has been done.
#  Implicit/static pattern stem: 'stm32h7xx_hal_gpio'
#  Last modified 2022-08-18 21:19:22.8281945
#  File has been updated.
#  Successfully updated.
#  recipe to execute (from 'Makefile', line 176):
	$(CC) -c $(CFLAGS)  $< -o $@

 
build/stm32h7xx_hal_pwr.o: Drivers/STM32H7xx_HAL_Driver/Src/stm32h7xx_hal_pwr.c | build
#  Implicit rule search has been done.
#  Implicit/static pattern stem: 'stm32h7xx_hal_pwr'
 
#  Last modified 2022-08-18 21:19:23.9475086
#  File has been updated.
#  Successfully updated.
#  recipe to execute (from 'Makefile', line 176):
	$(CC) -c $(CFLAGS)  $< -o $@

build/stm32h7xx_hal_flash.o: Drivers/STM32H7xx_HAL_Driver/Src/stm32h7xx_hal_flash.c | build
#  Implicit rule search has been done.
#  Implicit/static pattern stem: 'stm32h7xx_hal_flash'
#  Last modified 2022-08-18 21:19:22.393958
#  File has been updated.
#  Successfully updated.
#  recipe to execute (from 'Makefile', line 176):
	$(CC) -c $(CFLAGS)  $< -o $@

 
build/stm32h7xx_hal_pwr_ex.o: Drivers/STM32H7xx_HAL_Driver/Src/stm32h7xx_hal_pwr_ex.c | build
#  Implicit rule search has been done.
#  Implicit/static pattern stem: 'stm32h7xx_hal_pwr_ex'
#  Last modified 2022-08-18 21:19:24.150555
#  File has been updated.
#  Successfully updated.
#  recipe to execute (from 'Makefile', line 176):
	$(CC) -c $(CFLAGS)  $< -o $@

# Not a target:
Drivers/STM32H7xx_HAL_Driver/Src/stm32h7xx_hal_cortex.c:
#  Implicit rule search has been done.
#  Last modified 2022-04-23 17:50:58.196187
#  File has been updated.
#  Successfully updated.

# Not a target:
startup_stm32h750xx.s:
#  Implicit rule search has been done.
#  Last modified 2022-04-23 17:50:53.396
#  File has been updated.
#  Successfully updated.

build/system_stm32h7xx.o: Core/Src/system_stm32h7xx.c | build
#  Implicit rule search has been done.
#  Implicit/static pattern stem: 'system_stm32h7xx'
#  Last modified 2022-08-18 21:19:25.0990324
#  File has been updated.
#  Successfully updated.
#  recipe to execute (from 'Makefile', line 176):
	$(CC) -c $(CFLAGS)  $< -o $@

# Not a target:
Drivers/STM32H7xx_HAL_Driver/Src/stm32h7xx_hal_mdma.c:
#  Implicit rule search has been done.
#  Last modified 2022-04-23 17:50:58.2347808
#  File has been updated.
#  Successfully updated.

build/stm32h7xx_hal_tim.o: Drivers/STM32H7xx_HAL_Driver/Src/stm32h7xx_hal_tim.c | build
#  Implicit rule search has been done.
#  Implicit/static pattern stem: 'stm32h7xx_hal_tim'
#  Last modified 2022-08-18 21:19:24.75369
#  File has been updated.
#  Successfully updated.
#  recipe to execute (from 'Makefile', line 176):
	$(CC) -c $(CFLAGS)  $< -o $@
 

build/make_bootloader.elf: build/stm32h7xx_it.o build/stm32h7xx_hal_msp.o build/stm32h7xx_hal_cortex.o build/stm32h7xx_hal_qspi.o build/stm32h7xx_hal_rcc.o build/stm32h7xx_hal_rcc_ex.o build/stm32h7xx_hal_flash.o build/stm32h7xx_hal_flash_ex.o build/stm32h7xx_hal_gpio.o build/stm32h7xx_hal_hsem.o build/stm32h7xx_hal_dma.o build/stm32h7xx_hal_dma_ex.o build/stm32h7xx_hal_mdma.o build/stm32h7xx_hal_pwr.o build/stm32h7xx_hal_pwr_ex.o build/stm32h7xx_hal.o build/stm32h7xx_hal_exti.o build/stm32h7xx_hal_tim.o build/stm32h7xx_hal_tim_ex.o build/system_stm32h7xx.o build/stm32h7xx_hal_i2c.o build/stm32h7xx_hal_i2c_ex.o build/startup_stm32h750xx.o build/w25q64.o build/main.o Makefile
#  Implicit rule search has not been done.
#  Last modified 2022-08-19 17:05:13.4543559
#  File has been updated.
#  Needs to be updated (-q is set).
# variable set hash-table stats:
# Load=0/32=0%, Rehash=0, Collisions=0/13=0%
#  recipe to execute (from 'Makefile', line 185):
	$(CC) $(OBJECTS) $(LDFLAGS) -o $@
	$(SZ) $@

# Not a target:
Drivers/STM32H7xx_HAL_Driver/Src/stm32h7xx_hal_tim_ex.c:
#  Implicit rule search has been done.
#  Last modified 2022-04-23 17:50:58.2670796
#  File has been updated.
#  Successfully updated.

build/startup_stm32h750xx.o: startup_stm32h750xx.s | build
#  Implicit rule search has been done.
#  Implicit/static pattern stem: 'startup_stm32h750xx'
#  Last modified 2022-08-18 21:19:25.7838033
 
#  File has been updated.
#  Successfully updated.
#  recipe to execute (from 'Makefile', line 182):
	$(AS) -c $(CFLAGS) $< -o $@

build/stm32h7xx_hal_i2c.o: Drivers/STM32H7xx_HAL_Driver/Src/stm32h7xx_hal_i2c.c | build
#  Implicit rule search has been done.
#  Implicit/static pattern stem: 'stm32h7xx_hal_i2c'
#  Last modified 2022-08-18 21:19:25.4691163
#  File has been updated.
#  Successfully updated.
#  recipe to execute (from 'Makefile', line 176):
	$(CC) -c $(CFLAGS)  $< -o $@

# Not a target:
Drivers/STM32H7xx_HAL_Driver/Src/stm32h7xx_hal_i2c.c:
#  Implicit rule search has been done.
#  Last modified 2022-04-23 17:50:58.2251917
#  File has been updated.
 
#  Successfully updated.

# Not a target:
build/main.o:
#  Implicit rule search has not been done.
#  Modification time never checked.
#  File has not been updated.

# Not a target:
Core/Src/stm32h7xx_hal_msp.c:
#  Implicit rule search has been done.
#  Last modified 2022-08-18 20:26:52.473
#  File has been updated.
#  Successfully updated.

# Not a target:
Drivers/STM32H7xx_HAL_Driver/Src/stm32h7xx_hal_gpio.c:
#  Implicit rule search has been done.
#  Last modified 2022-04-23 17:50:58.2126782
#  File has been updated.
#  Successfully updated.

gdb:
#  Implicit rule search has not been done.
 
#  Modification time never checked.
#  File has not been updated.
#  recipe to execute (from 'Makefile', line 220):
	arm-none-eabi-gdb $(BUILD_DIR)/$(TARGET).elf -c "target extended-remote 127.0.0.1:3333"

 
# Not a target:
build/make_bootloader.hex:
#  Implicit rule search has not been done.
#  Modification time never checked.
 
#  File has not been updated.

# Not a target:
 
Drivers/STM32H7xx_HAL_Driver/Src/stm32h7xx_hal_i2c_ex.c:
#  Implicit rule search has been done.
#  Last modified 2022-04-23 17:50:58.2261923
#  File has been updated.
#  Successfully updated.

build/w25q64.o: User/Src/w25q64.cpp | build
#  Implicit rule search has been done.
 
#  Implicit/static pattern stem: 'w25q64'
#  Last modified 2022-08-19 15:26:54.2424806
#  File has been updated.
#  Needs to be updated (-q is set).
# automatic
# @ := build/w25q64.o
# automatic
# * := w25q64
# automatic
# < := User/Src/w25q64.cpp
# automatic
# + := User/Src/w25q64.cpp
# automatic
# % := 
# automatic
# ^ := User/Src/w25q64.cpp
# automatic
# ? := User/Src/w25q64.cpp
# automatic
# | := build
# variable set hash-table stats:
# Load=8/32=25%, Rehash=0, Collisions=2/23=9%
#  recipe to execute (from 'Makefile', line 179):
	$(CPP) -c $(CFLAGS)  $< -o $@

# files hash-table stats:
# Load=62/1024=6%, Rehash=0, Collisions=14/413=3%
# VPATH Search Paths

vpath %.c Core/Src:Drivers/STM32H7xx_HAL_Driver/Src
vpath %.cpp Core/Src:User/Src

# 2 'vpath' search paths.

# No general ('VPATH' variable) search path.

# strcache buffers: 1 (0) / strings = 163 / storage = 3723 B / avg = 22 B
# current buf: size = 8162 B / used = 3723 B / count = 163 / avg = 22 B

# strcache performance: lookups = 321 / hit rate = 49%
# hash-table stats:
# Load=163/8192=2%, Rehash=0, Collisions=7/321=2%
# Finished Make data base on Sat Sep  3 10:44:49 2022

 
